<?xml version="1.0" encoding="UTF-8"?>
<!-- Generated by org.testng.reporters.JUnitReportReporter -->
<testsuite hostname="Syful-Lenovo" failures="0" tests="1" name="parameters.login" time="0.012" errors="0" timestamp="2018-11-17T21:38:57 EST" skipped="0">
  <testcase classname="parameters.login" name="loginfunction" time="0.012"/>
</testsuite> <!-- parameters.login -->
